Determining if the pthread_create exist failed with the following output:
Change Dir: /home/amine/git/ORB_SLAM2/Examples/ROS/ORB_SLAM2/build/CMakeFiles/CMakeTmp

Run Build Command:"/usr/bin/make" "cmTC_160bb/fast"
/usr/bin/make -f CMakeFiles/cmTC_160bb.dir/build.make CMakeFiles/cmTC_160bb.dir/build
make[1]: ingresso nella directory "/home/amine/git/ORB_SLAM2/Examples/ROS/ORB_SLAM2/build/CMakeFiles/CMakeTmp"
Building C object CMakeFiles/cmTC_160bb.dir/CheckSymbolExists.c.o
/usr/bin/cc    -o CMakeFiles/cmTC_160bb.dir/CheckSymbolExists.c.o   -c /home/amine/git/ORB_SLAM2/Examples/ROS/ORB_SLAM2/build/CMakeFiles/CMakeTmp/CheckSymbolExists.c
Linking C executable cmTC_160bb
/usr/bin/cmake -E cmake_link_script CMakeFiles/cmTC_160bb.dir/link.txt --verbose=1
/usr/bin/cc      -rdynamic CMakeFiles/cmTC_160bb.dir/CheckSymbolExists.c.o  -o cmTC_160bb 
CMakeFiles/cmTC_160bb.dir/CheckSymbolExists.c.o: nella funzione "main":
CheckSymbolExists.c:(.text+0x1b): riferimento non definito a "pthread_create"
collect2: error: ld returned 1 exit status
CMakeFiles/cmTC_160bb.dir/build.make:97: recipe for target 'cmTC_160bb' failed
make[1]: *** [cmTC_160bb] Error 1
make[1]: uscita dalla directory "/home/amine/git/ORB_SLAM2/Examples/ROS/ORB_SLAM2/build/CMakeFiles/CMakeTmp"
Makefile:126: recipe for target 'cmTC_160bb/fast' failed
make: *** [cmTC_160bb/fast] Error 2

File /home/amine/git/ORB_SLAM2/Examples/ROS/ORB_SLAM2/build/CMakeFiles/CMakeTmp/CheckSymbolExists.c:
/* */
#include <pthread.h>

int main(int argc, char** argv)
{
  (void)argv;
#ifndef pthread_create
  return ((int*)(&pthread_create))[argc];
#else
  (void)argc;
  return 0;
#endif
}

Determining if the function pthread_create exists in the pthreads failed with the following output:
Change Dir: /home/amine/git/ORB_SLAM2/Examples/ROS/ORB_SLAM2/build/CMakeFiles/CMakeTmp

Run Build Command:"/usr/bin/make" "cmTC_77bf6/fast"
/usr/bin/make -f CMakeFiles/cmTC_77bf6.dir/build.make CMakeFiles/cmTC_77bf6.dir/build
make[1]: ingresso nella directory "/home/amine/git/ORB_SLAM2/Examples/ROS/ORB_SLAM2/build/CMakeFiles/CMakeTmp"
Building C object CMakeFiles/cmTC_77bf6.dir/CheckFunctionExists.c.o
/usr/bin/cc   -DCHECK_FUNCTION_EXISTS=pthread_create   -o CMakeFiles/cmTC_77bf6.dir/CheckFunctionExists.c.o   -c /usr/share/cmake-3.10/Modules/CheckFunctionExists.c
Linking C executable cmTC_77bf6
/usr/bin/cmake -E cmake_link_script CMakeFiles/cmTC_77bf6.dir/link.txt --verbose=1
/usr/bin/cc  -DCHECK_FUNCTION_EXISTS=pthread_create    -rdynamic CMakeFiles/cmTC_77bf6.dir/CheckFunctionExists.c.o  -o cmTC_77bf6 -lpthreads 
/usr/bin/x86_64-linux-gnu-ld: impossibile trovare -lpthreads
collect2: error: ld returned 1 exit status
CMakeFiles/cmTC_77bf6.dir/build.make:97: recipe for target 'cmTC_77bf6' failed
make[1]: *** [cmTC_77bf6] Error 1
make[1]: uscita dalla directory "/home/amine/git/ORB_SLAM2/Examples/ROS/ORB_SLAM2/build/CMakeFiles/CMakeTmp"
Makefile:126: recipe for target 'cmTC_77bf6/fast' failed
make: *** [cmTC_77bf6/fast] Error 2


